<?xml version="1.0" encoding="UTF-8"?>
<!-- Generated by org.testng.reporters.JUnitXMLReporter -->
<testsuite ignored="2" hostname="LAPTOP-KLTV3TNG" failures="0" tests="1" name=" Test" time="0.091" errors="0" timestamp="2024-01-12T11:42:06 IST">
  <testcase classname="Testng.Groupingmethod" name="loginBylinkedin" time="0.01"/>
  <testcase classname="Testng.Groupingmethod" name="loginByfacebook" time="0.0">
    <ignored/>
  </testcase> <!-- loginByfacebook -->
  <testcase classname="Testng.Groupingmethod" name="loginBygmail" time="0.0">
    <ignored/>
  </testcase> <!-- loginBygmail -->
</testsuite> <!--  Test -->
